<?xml version='1.0' encoding='UTF-8'?>
<testsuite hostname="GFT-JqWiZCcfHpM" name="TestIntIsEven" tests="1" errors="0" failures="0" skipped="0" time="0.022" timestamp="2023-07-13T10:57:20">
          <properties>
      <property name="java.specification.version" value="17"/><property name="sun.cpu.isalist" value="amd64"/><property name="sun.jnu.encoding" value="Cp1252"/><property name="sun.arch.data.model" value="64"/><property name="java.vendor.url" value="https://java.oracle.com/"/><property name="user.country.format" value="IT"/><property name="sun.boot.library.path" value="C:\Program Files\Java\jdk-17\bin"/><property name="sun.java.command" value="xsbt.boot.Boot test"/><property name="jdk.debug" value="release"/><property name="sun.stderr.encoding" value="cp437"/><property name="java.specification.vendor" value="Oracle Corporation"/><property name="java.version.date" value="2023-04-18"/><property name="java.home" value="C:\Program Files\Java\jdk-17"/><property name="file.separator" value="\"/><property name="java.vm.compressedOopsMode" value="32-bit"/><property name="line.separator" value="
"/><property name="sun.stdout.encoding" value="cp437"/><property name="java.vm.specification.vendor" value="Oracle Corporation"/><property name="java.specification.name" value="Java Platform API Specification"/><property name="user.script" value=""/><property name="sun.management.compiler" value="HotSpot 64-Bit Tiered Compilers"/><property name="java.runtime.version" value="17.0.7+8-LTS-224"/><property name="user.name" value="mnic"/><property name="log4j.ignoreTCL" value="true"/><property name="file.encoding" value="UTF-8"/><property name="jnidispatch.path" value="C:\Users\mnic\AppData\Local\Temp\jna-3356283\jna18052075993803634779.dll"/><property name="jna.loaded" value="true"/><property name="java.io.tmpdir" value="C:\Users\mnic\AppData\Local\Temp\"/><property name="java.version" value="17.0.7"/><property name="java.vm.specification.name" value="Java Virtual Machine Specification"/><property name="sun.os.patch.level" value=""/><property name="native.encoding" value="Cp1252"/><property name="java.library.path" value="C:\Program Files\Java\jdk-17\bin;C:\Windows\Sun\Java\bin;C:\Windows\system32;C:\Windows;C:\Program Files\Java\jdk-17\bin;C:\Program Files\Common Files\Oracle\Java\javapath;C:\Windows\system32;C:\Windows;C:\Windows\System32\Wbem;C:\Windows\System32\WindowsPowerShell\v1.0\;C:\Windows\System32\OpenSSH\;C:\Program Files\dotnet\;C:\Program Files\Microsoft VS Code\bin;C:\Program Files\PuTTY\;C:\Program Files\Docker\Docker\resources\bin;C:\apache-maven-3.9.3\bin;C:\Program Files\Git\cmd;C:\Users\mnic\AppData\Local\Microsoft\WindowsApps;;C:\Users\mnic\AppData\Local\Coursier\data\bin;."/><property name="java.vendor" value="Oracle Corporation"/><property name="scala.ext.dirs" value="C:\Users\mnic\.sbt\1.0\java9-rt-ext-oracle_corporation_17_0_7"/><property name="sun.io.unicode.encoding" value="UnicodeLittle"/><property name="java.class.path" value="C:\Users\mnic\AppData\Local\Coursier\cache\arc\https\github.com\sbt\sbt\releases\download\v1.8.3\sbt-1.8.3.zip\sbt\bin\sbt-launch.jar"/><property name="java.vm.vendor" value="Oracle Corporation"/><property name="user.variant" value=""/><property name="jline.shutdownhook" value="false"/><property name="user.timezone" value="Europe/Rome"/><property name="java.vm.specification.version" value="17"/><property name="os.name" value="Windows 10"/><property name="sun.java.launcher" value="SUN_STANDARD"/><property name="user.country" value="US"/><property name="sun.cpu.endian" value="little"/><property name="user.home" value="C:\Users\mnic"/><property name="user.language" value="en"/><property name="sbt.ipcsocket.tmpdir" value="C:\Users\mnic\AppData\Local\Temp\.sbte9b89c65\ipcsocket"/><property name="swoval.tmpdir" value="C:\Users\mnic\AppData\Local\Temp\.sbte9b89c65\swoval"/><property name="jline.esc.timeout" value="0"/><property name="path.separator" value=";"/><property name="os.version" value="10.0"/><property name="jna.nosys" value="true"/><property name="java.runtime.name" value="Java(TM) SE Runtime Environment"/><property name="java.vm.name" value="Java HotSpot(TM) 64-Bit Server VM"/><property name="java.vendor.url.bug" value="https://bugreport.java.com/bugreport/"/><property name="user.dir" value="C:\unipol_project\MyScalaTest"/><property name="os.arch" value="amd64"/><property name="user.language.format" value="it"/><property name="java.vm.info" value="mixed mode, sharing"/><property name="java.vm.version" value="17.0.7+8-LTS-224"/><property name="java.class.version" value="61.0"/>
    </properties>
          <testcase classname="TestIntIsEven" name="The integer should be even" time="0.022">
                      
                    </testcase>
          <system-out><![CDATA[]]></system-out>
          <system-err><![CDATA[]]></system-err>
        </testsuite>